# JRE version: Java(TM) SE Runtime Environment (17.0.8+9) (build 17.0.8+9-LTS-211)
# Java VM: Java HotSpot(TM) 64-Bit Server VM (17.0.8+9-LTS-211, mixed mode, sharing, tiered, compressed oops, compressed class ptrs, g1 gc, windows-amd64)
GC Precious Log:
 CPUs: 8 total, 8 available
 Memory: 16086M
 Large Page Support: Disabled
 NUMA Support: Disabled
 Compressed Oops: Enabled (32-bit)
 Heap Region Size: 1M
 Heap Min Capacity: 256M
 Heap Initial Capacity: 256M
 Heap Max Capacity: 512M
 Pre-touch: Disabled
 Parallel Workers: 8
 Concurrent Workers: 2
 Concurrent Refinement Workers: 8
 Periodic GC: Disabled
Heap:
 garbage-first heap   total 262144K, used 177197K [0x00000000e0000000, 0x0000000100000000)
  region size 1024K, 136 young (139264K), 6 survivors (6144K)
 Metaspace       used 56367K, committed 56960K, reserved 393216K
  class space    used 7616K, committed 7936K, reserved 327680K
GC Heap History (16 events):
Event: 1.438 GC heap before
{Heap before GC invocations=0 (full 0):
 garbage-first heap   total 262144K, used 26624K [0x00000000e0000000, 0x0000000100000000)
  region size 1024K, 23 young (23552K), 0 survivors (0K)
 Metaspace       used 3241K, committed 3328K, reserved 393216K
  class space    used 405K, committed 448K, reserved 327680K
}
Event: 1.443 GC heap after
{Heap after GC invocations=1 (full 0):
 garbage-first heap   total 262144K, used 10999K [0x00000000e0000000, 0x0000000100000000)
  region size 1024K, 3 young (3072K), 3 survivors (3072K)
 Metaspace       used 3241K, committed 3328K, reserved 393216K
  class space    used 405K, committed 448K, reserved 327680K
}
Event: 2.082 GC heap before
{Heap before GC invocations=1 (full 0):
 garbage-first heap   total 262144K, used 39671K [0x00000000e0000000, 0x0000000100000000)
  region size 1024K, 30 young (30720K), 3 survivors (3072K)
 Metaspace       used 4141K, committed 4352K, reserved 393216K
  class space    used 514K, committed 640K, reserved 327680K
}
Event: 2.086 GC heap after
{Heap after GC invocations=2 (full 0):
 garbage-first heap   total 262144K, used 15121K [0x00000000e0000000, 0x0000000100000000)
  region size 1024K, 4 young (4096K), 4 survivors (4096K)
 Metaspace       used 4141K, committed 4352K, reserved 393216K
  class space    used 514K, committed 640K, reserved 327680K
}
Event: 6.165 GC heap before
{Heap before GC invocations=2 (full 0):
 garbage-first heap   total 262144K, used 118545K [0x00000000e0000000, 0x0000000100000000)
  region size 1024K, 106 young (108544K), 4 survivors (4096K)
 Metaspace       used 21209K, committed 21504K, reserved 393216K
  class space    used 3142K, committed 3328K, reserved 327680K
}
Event: 6.177 GC heap after
{Heap after GC invocations=3 (full 0):
 garbage-first heap   total 262144K, used 22412K [0x00000000e0000000, 0x0000000100000000)
  region size 1024K, 12 young (12288K), 12 survivors (12288K)
 Metaspace       used 21209K, committed 21504K, reserved 393216K
  class space    used 3142K, committed 3328K, reserved 327680K
}
Event: 10.354 GC heap before
{Heap before GC invocations=4 (full 0):
 garbage-first heap   total 262144K, used 137100K [0x00000000e0000000, 0x0000000100000000)
  region size 1024K, 121 young (123904K), 12 survivors (12288K)
 Metaspace       used 35642K, committed 35968K, reserved 393216K
  class space    used 4965K, committed 5120K, reserved 327680K
}
Event: 10.367 GC heap after
{Heap after GC invocations=5 (full 0):
 garbage-first heap   total 262144K, used 30900K [0x00000000e0000000, 0x0000000100000000)
  region size 1024K, 16 young (16384K), 16 survivors (16384K)
 Metaspace       used 35642K, committed 35968K, reserved 393216K
  class space    used 4965K, committed 5120K, reserved 327680K
}
Event: 10.416 GC heap before
{Heap before GC invocations=5 (full 0):
 garbage-first heap   total 262144K, used 30900K [0x00000000e0000000, 0x0000000100000000)
  region size 1024K, 17 young (17408K), 16 survivors (16384K)
 Metaspace       used 35817K, committed 36224K, reserved 393216K
  class space    used 4973K, committed 5184K, reserved 327680K
}
Event: 10.428 GC heap after
{Heap after GC invocations=6 (full 0):
 garbage-first heap   total 262144K, used 31240K [0x00000000e0000000, 0x0000000100000000)
  region size 1024K, 2 young (2048K), 2 survivors (2048K)
 Metaspace       used 35817K, committed 36224K, reserved 393216K
  class space    used 4973K, committed 5184K, reserved 327680K
}
Event: 10.447 GC heap before
{Heap before GC invocations=6 (full 0):
 garbage-first heap   total 262144K, used 33288K [0x00000000e0000000, 0x0000000100000000)
  region size 1024K, 4 young (4096K), 2 survivors (2048K)
 Metaspace       used 35921K, committed 36288K, reserved 393216K
  class space    used 4973K, committed 5184K, reserved 327680K
}
Event: 10.449 GC heap after
{Heap after GC invocations=7 (full 0):
 garbage-first heap   total 262144K, used 30698K [0x00000000e0000000, 0x0000000100000000)
  region size 1024K, 1 young (1024K), 1 survivors (1024K)
 Metaspace       used 35921K, committed 36288K, reserved 393216K
  class space    used 4973K, committed 5184K, reserved 327680K
}
Event: 16.979 GC heap before
{Heap before GC invocations=8 (full 0):
 garbage-first heap   total 262144K, used 186346K [0x00000000e0000000, 0x0000000100000000)
  region size 1024K, 153 young (156672K), 1 survivors (1024K)
 Metaspace       used 48726K, committed 49280K, reserved 393216K
  class space    used 6933K, committed 7232K, reserved 327680K
}
Event: 16.997 GC heap after
{Heap after GC invocations=9 (full 0):
 garbage-first heap   total 262144K, used 40686K [0x00000000e0000000, 0x0000000100000000)
  region size 1024K, 12 young (12288K), 12 survivors (12288K)
 Metaspace       used 48726K, committed 49280K, reserved 393216K
  class space    used 6933K, committed 7232K, reserved 327680K
}
Event: 26.524 GC heap before
{Heap before GC invocations=10 (full 0):
 garbage-first heap   total 262144K, used 184046K [0x00000000e0000000, 0x0000000100000000)
  region size 1024K, 153 young (156672K), 12 survivors (12288K)
 Metaspace       used 54920K, committed 55488K, reserved 393216K
  class space    used 7539K, committed 7808K, reserved 327680K
}
Event: 26.540 GC heap after
{Heap after GC invocations=11 (full 0):
 garbage-first heap   total 262144K, used 46125K [0x00000000e0000000, 0x0000000100000000)
  region size 1024K, 6 young (6144K), 6 survivors (6144K)
 Metaspace       used 54920K, committed 55488K, reserved 393216K
  class space    used 7539K, committed 7808K, reserved 327680K
}

