# JRE version: Java(TM) SE Runtime Environment (17.0.8+9) (build 17.0.8+9-LTS-211)
# Java VM: Java HotSpot(TM) 64-Bit Server VM (17.0.8+9-LTS-211, mixed mode, sharing, tiered, compressed oops, compressed class ptrs, g1 gc, windows-amd64)
GC Precious Log:
 CPUs: 8 total, 8 available
 Memory: 16086M
 Large Page Support: Disabled
 NUMA Support: Disabled
 Compressed Oops: Enabled (32-bit)
 Heap Region Size: 1M
 Heap Min Capacity: 256M
 Heap Initial Capacity: 256M
 Heap Max Capacity: 512M
 Pre-touch: Disabled
 Parallel Workers: 8
 Concurrent Workers: 2
 Concurrent Refinement Workers: 8
 Periodic GC: Disabled
Heap:
 garbage-first heap   total 262144K, used 46402K [0x00000000e0000000, 0x0000000100000000)
  region size 1024K, 18 young (18432K), 12 survivors (12288K)
 Metaspace       used 49323K, committed 49856K, reserved 393216K
  class space    used 7049K, committed 7296K, reserved 327680K
GC Heap History (14 events):
Event: 1.501 GC heap before
{Heap before GC invocations=0 (full 0):
 garbage-first heap   total 262144K, used 26624K [0x00000000e0000000, 0x0000000100000000)
  region size 1024K, 23 young (23552K), 0 survivors (0K)
 Metaspace       used 3235K, committed 3328K, reserved 393216K
  class space    used 404K, committed 448K, reserved 327680K
}
Event: 1.532 GC heap after
{Heap after GC invocations=1 (full 0):
 garbage-first heap   total 262144K, used 10543K [0x00000000e0000000, 0x0000000100000000)
  region size 1024K, 3 young (3072K), 3 survivors (3072K)
 Metaspace       used 3235K, committed 3328K, reserved 393216K
  class space    used 404K, committed 448K, reserved 327680K
}
Event: 2.091 GC heap before
{Heap before GC invocations=1 (full 0):
 garbage-first heap   total 262144K, used 38191K [0x00000000e0000000, 0x0000000100000000)
  region size 1024K, 29 young (29696K), 3 survivors (3072K)
 Metaspace       used 4106K, committed 4224K, reserved 393216K
  class space    used 501K, committed 576K, reserved 327680K
}
Event: 2.095 GC heap after
{Heap after GC invocations=2 (full 0):
 garbage-first heap   total 262144K, used 15127K [0x00000000e0000000, 0x0000000100000000)
  region size 1024K, 4 young (4096K), 4 survivors (4096K)
 Metaspace       used 4106K, committed 4224K, reserved 393216K
  class space    used 501K, committed 576K, reserved 327680K
}
Event: 6.258 GC heap before
{Heap before GC invocations=2 (full 0):
 garbage-first heap   total 262144K, used 121623K [0x00000000e0000000, 0x0000000100000000)
  region size 1024K, 109 young (111616K), 4 survivors (4096K)
 Metaspace       used 21260K, committed 21504K, reserved 393216K
  class space    used 3149K, committed 3264K, reserved 327680K
}
Event: 6.271 GC heap after
{Heap after GC invocations=3 (full 0):
 garbage-first heap   total 262144K, used 22460K [0x00000000e0000000, 0x0000000100000000)
  region size 1024K, 12 young (12288K), 12 survivors (12288K)
 Metaspace       used 21260K, committed 21504K, reserved 393216K
  class space    used 3149K, committed 3264K, reserved 327680K
}
Event: 10.939 GC heap before
{Heap before GC invocations=4 (full 0):
 garbage-first heap   total 262144K, used 136124K [0x00000000e0000000, 0x0000000100000000)
  region size 1024K, 120 young (122880K), 12 survivors (12288K)
 Metaspace       used 35624K, committed 35968K, reserved 393216K
  class space    used 4967K, committed 5120K, reserved 327680K
}
Event: 10.955 GC heap after
{Heap after GC invocations=5 (full 0):
 garbage-first heap   total 262144K, used 31332K [0x00000000e0000000, 0x0000000100000000)
  region size 1024K, 16 young (16384K), 16 survivors (16384K)
 Metaspace       used 35624K, committed 35968K, reserved 393216K
  class space    used 4967K, committed 5120K, reserved 327680K
}
Event: 10.973 GC heap before
{Heap before GC invocations=5 (full 0):
 garbage-first heap   total 262144K, used 31332K [0x00000000e0000000, 0x0000000100000000)
  region size 1024K, 17 young (17408K), 16 survivors (16384K)
 Metaspace       used 35796K, committed 36224K, reserved 393216K
  class space    used 4975K, committed 5184K, reserved 327680K
}
Event: 10.985 GC heap after
{Heap after GC invocations=6 (full 0):
 garbage-first heap   total 262144K, used 31285K [0x00000000e0000000, 0x0000000100000000)
  region size 1024K, 2 young (2048K), 2 survivors (2048K)
 Metaspace       used 35796K, committed 36224K, reserved 393216K
  class space    used 4975K, committed 5184K, reserved 327680K
}
Event: 10.996 GC heap before
{Heap before GC invocations=6 (full 0):
 garbage-first heap   total 262144K, used 33333K [0x00000000e0000000, 0x0000000100000000)
  region size 1024K, 4 young (4096K), 2 survivors (2048K)
 Metaspace       used 35900K, committed 36288K, reserved 393216K
  class space    used 4975K, committed 5184K, reserved 327680K
}
Event: 10.997 GC heap after
{Heap after GC invocations=7 (full 0):
 garbage-first heap   total 262144K, used 31445K [0x00000000e0000000, 0x0000000100000000)
  region size 1024K, 1 young (1024K), 1 survivors (1024K)
 Metaspace       used 35900K, committed 36288K, reserved 393216K
  class space    used 4975K, committed 5184K, reserved 327680K
}
Event: 17.903 GC heap before
{Heap before GC invocations=8 (full 0):
 garbage-first heap   total 262144K, used 187093K [0x00000000e0000000, 0x0000000100000000)
  region size 1024K, 153 young (156672K), 1 survivors (1024K)
 Metaspace       used 49069K, committed 49600K, reserved 393216K
  class space    used 6996K, committed 7232K, reserved 327680K
}
Event: 17.924 GC heap after
{Heap after GC invocations=9 (full 0):
 garbage-first heap   total 262144K, used 41282K [0x00000000e0000000, 0x0000000100000000)
  region size 1024K, 12 young (12288K), 12 survivors (12288K)
 Metaspace       used 49069K, committed 49600K, reserved 393216K
  class space    used 6996K, committed 7232K, reserved 327680K
}

